c:\users\quant\desktop\ctp_mfc\project\piquant\tool\debug\tool.pch
c:\users\quant\desktop\ctp_mfc\project\piquant\tool\debug\vc120.pdb
c:\users\quant\desktop\ctp_mfc\project\piquant\tool\debug\vc120.idb
c:\users\quant\desktop\ctp_mfc\project\piquant\tool\debug\stdafx.obj
c:\users\quant\desktop\ctp_mfc\project\piquant\tool\debug\configreader.obj
c:\users\quant\desktop\ctp_mfc\project\piquant\tool\debug\inifile.obj
c:\users\quant\desktop\ctp_mfc\project\piquant\tool\debug\rwjson.obj
c:\users\quant\desktop\ctp_mfc\project\piquant\tool\debug\tinystr.obj
c:\users\quant\desktop\ctp_mfc\project\piquant\tool\debug\tinyxml.obj
c:\users\quant\desktop\ctp_mfc\project\piquant\tool\debug\tinyxmlerror.obj
c:\users\quant\desktop\ctp_mfc\project\piquant\tool\debug\tinyxmlparser.obj
c:\users\quant\desktop\ctp_mfc\project\piquant\tool\debug\tool.obj
c:\users\quant\desktop\ctp_mfc\project\piquant\tool\debug\dllmain.obj
c:\users\quant\desktop\ctp_mfc\project\piquant\debug\tool.ilk
c:\users\quant\desktop\ctp_mfc\project\piquant\debug\tool.dll
c:\users\quant\desktop\ctp_mfc\project\piquant\debug\tool.pdb
c:\users\quant\desktop\ctp_mfc\project\piquant\debug\tool.lib
c:\users\quant\desktop\ctp_mfc\project\piquant\debug\tool.exp
c:\users\quant\desktop\ctp_mfc\project\piquant\tool\debug\tool.tlog\cl.command.1.tlog
c:\users\quant\desktop\ctp_mfc\project\piquant\tool\debug\tool.tlog\cl.read.1.tlog
c:\users\quant\desktop\ctp_mfc\project\piquant\tool\debug\tool.tlog\cl.write.1.tlog
c:\users\quant\desktop\ctp_mfc\project\piquant\tool\debug\tool.tlog\link.command.1.tlog
c:\users\quant\desktop\ctp_mfc\project\piquant\tool\debug\tool.tlog\link.read.1.tlog
c:\users\quant\desktop\ctp_mfc\project\piquant\tool\debug\tool.tlog\link.write.1.tlog
c:\users\quant\desktop\ctp_mfc\project\piquant\tool\debug\tool.tlog\tool.write.1u.tlog
