Build started 2019/4/6 17:30:59.
     1>Project "C:\Users\Quant\Desktop\CTP_MFC\Project\Piquant\Interface\Interface.vcxproj" on node 2 (Rebuild target(s)).
     1>C:\Program Files (x86)\MSBuild\Microsoft.Cpp\v4.0\V120\Microsoft.CppBuild.targets(388,5): warning MSB8028: The intermediate directory (Debug\) contains files shared from another project (Strategy.vcxproj).  This can lead to incorrect clean and rebuild behavior.
     1>ClCompile:
         C:\Program Files (x86)\Microsoft Visual Studio 12.0\VC\bin\CL.exe /c /ZI /nologo /W3 /WX- /Od /Oy- /D WIN32 /D _DEBUG /D _WINDOWS /D _USRDLL /D STRATEGY_EXPORTS /D _WINDLL /D _UNICODE /D UNICODE /Gm /EHsc /RTC1 /MDd /GS /fp:precise /Zc:wchar_t /Zc:forScope /Yc"stdafx.h" /Fp"Debug\Interface.pch" /Fo"Debug\\" /Fd"Debug\vc120.pdb" /Gd /TP /analyze- /errorReport:prompt stdafx.cpp
         stdafx.cpp
         C:\Program Files (x86)\Microsoft Visual Studio 12.0\VC\bin\CL.exe /c /ZI /nologo /W3 /WX- /Od /Oy- /D WIN32 /D _DEBUG /D _WINDOWS /D _USRDLL /D STRATEGY_EXPORTS /D _WINDLL /D _UNICODE /D UNICODE /Gm /EHsc /RTC1 /MDd /GS /fp:precise /Zc:wchar_t /Zc:forScope /Fo"Debug\\" /Fd"Debug\vc120.pdb" /Gd /TP /analyze- /errorReport:prompt dllmain.cpp
         dllmain.cpp
         C:\Program Files (x86)\Microsoft Visual Studio 12.0\VC\bin\CL.exe /c /ZI /nologo /W3 /WX- /Od /Oy- /D WIN32 /D _DEBUG /D _WINDOWS /D _USRDLL /D STRATEGY_EXPORTS /D _WINDLL /D _UNICODE /D UNICODE /Gm /EHsc /RTC1 /MDd /GS /fp:precise /Zc:wchar_t /Zc:forScope /Yu"stdafx.h" /Fp"Debug\Interface.pch" /Fo"Debug\\" /Fd"Debug\vc120.pdb" /Gd /TP /analyze- /errorReport:prompt IStrategy.cpp Strategy.cpp
         Strategy.cpp
         IStrategy.cpp
     1>c:\users\quant\desktop\ctp_mfc\project\piquant\servicelayer\ctpservice.h(121): warning C4251: 'CtpService::user_name' : class 'std::basic_string<char,std::char_traits<char>,std::allocator<char>>' needs to have dll-interface to be used by clients of class 'CtpService'
     1>c:\users\quant\desktop\ctp_mfc\project\piquant\servicelayer\ctpmsgdistributor.h(29): warning C4251: 'CtpMsgDistributor::receivers' : class 'std::vector<CtpMsgReceiver *,std::allocator<_Ty>>' needs to have dll-interface to be used by clients of class 'CtpMsgDistributor'
                 with
                 [
                     _Ty=CtpMsgReceiver *
                 ]
     1>c:\users\quant\desktop\ctp_mfc\project\piquant\interface\istrategy.h(36): warning C4251: 'StrategyMsgDistributor::receivers' : class 'std::vector<StrategyMsgDistributor *,std::allocator<_Ty>>' needs to have dll-interface to be used by clients of class 'StrategyMsgDistributor'
                 with
                 [
                     _Ty=StrategyMsgDistributor *
                 ]
     1>c:\users\quant\desktop\ctp_mfc\project\piquant\interface\istrategy.h(74): warning C4251: 'IStrategy::instrument_id' : class 'std::basic_string<char,std::char_traits<char>,std::allocator<char>>' needs to have dll-interface to be used by clients of class 'IStrategy'
     1>c:\users\quant\desktop\ctp_mfc\project\piquant\interface\istrategy.h(75): warning C4251: 'IStrategy::StrategyName' : class 'std::basic_string<char,std::char_traits<char>,std::allocator<char>>' needs to have dll-interface to be used by clients of class 'IStrategy'
     1>c:\users\quant\desktop\ctp_mfc\project\piquant\interface\istrategy.h(76): warning C4251: 'IStrategy::StrategyDescription' : class 'std::basic_string<char,std::char_traits<char>,std::allocator<char>>' needs to have dll-interface to be used by clients of class 'IStrategy'
     1>c:\users\quant\desktop\ctp_mfc\project\piquant\interface\istrategy.cpp(262): warning C4018: '<' : signed/unsigned mismatch
     1>c:\users\quant\desktop\ctp_mfc\project\piquant\interface\istrategy.cpp(320): warning C4018: '<' : signed/unsigned mismatch
         Generating Code...
       Link:
         C:\Program Files (x86)\Microsoft Visual Studio 12.0\VC\bin\link.exe /ERRORREPORT:PROMPT /OUT:"C:\Users\Quant\Desktop\CTP_MFC\Project\Piquant\Debug\Interface.dll" /INCREMENTAL /NOLOGO ../Debug/ServiceLayer.lib ../../sdk/thosttraderapi.lib ../../sdk/thostmduserapi.lib kernel32.lib user32.lib gdi32.lib winspool.lib comdlg32.lib advapi32.lib shell32.lib ole32.lib oleaut32.lib uuid.lib odbc32.lib odbccp32.lib /MANIFEST /MANIFESTUAC:"level='asInvoker' uiAccess='false'" /manifest:embed /DEBUG /PDB:"C:\Users\Quant\Desktop\CTP_MFC\Project\Piquant\Debug\Interface.pdb" /SUBSYSTEM:WINDOWS /TLBID:1 /DYNAMICBASE /NXCOMPAT /IMPLIB:"C:\Users\Quant\Desktop\CTP_MFC\Project\Piquant\Debug\Interface.lib" /MACHINE:X86 /DLL Debug\dllmain.obj
         Debug\IStrategy.obj
         Debug\stdafx.obj
         Debug\Strategy.obj
            Creating library C:\Users\Quant\Desktop\CTP_MFC\Project\Piquant\Debug\Interface.lib and object C:\Users\Quant\Desktop\CTP_MFC\Project\Piquant\Debug\Interface.exp
         Interface.vcxproj -> C:\Users\Quant\Desktop\CTP_MFC\Project\Piquant\Debug\Interface.dll
     1>Done Building Project "C:\Users\Quant\Desktop\CTP_MFC\Project\Piquant\Interface\Interface.vcxproj" (Rebuild target(s)).

Build succeeded.

Time Elapsed 00:00:02.21
