c:\users\quant\desktop\ctp_mfc\project\testctp01\multitrader\debug\multitrader.pch
c:\users\quant\desktop\ctp_mfc\project\testctp01\multitrader\debug\vc120.pdb
c:\users\quant\desktop\ctp_mfc\project\testctp01\multitrader\debug\vc120.idb
c:\users\quant\desktop\ctp_mfc\project\testctp01\multitrader\debug\stdafx.obj
c:\users\quant\desktop\ctp_mfc\project\testctp01\multitrader\debug\gridctrlclosetradelist.obj
c:\users\quant\desktop\ctp_mfc\project\testctp01\multitrader\debug\gridctrlconditionorderlist.obj
c:\users\quant\desktop\ctp_mfc\project\testctp01\multitrader\debug\gridctrlorderlist.obj
c:\users\quant\desktop\ctp_mfc\project\testctp01\multitrader\debug\gridctrlparkedorderactionlist.obj
c:\users\quant\desktop\ctp_mfc\project\testctp01\multitrader\debug\gridctrlparkedorderlist.obj
c:\users\quant\desktop\ctp_mfc\project\testctp01\multitrader\debug\gridctrlpositiondetaillist.obj
c:\users\quant\desktop\ctp_mfc\project\testctp01\multitrader\debug\gridctrlpositionlist.obj
c:\users\quant\desktop\ctp_mfc\project\testctp01\multitrader\debug\gridctrltradelist.obj
c:\users\quant\desktop\ctp_mfc\project\testctp01\multitrader\debug\gridctrlunfilledorderlist.obj
c:\users\quant\desktop\ctp_mfc\project\testctp01\multitrader\debug\propertieswnd.obj
c:\users\quant\desktop\ctp_mfc\project\testctp01\multitrader\debug\qrycommissionrate.obj
c:\users\quant\desktop\ctp_mfc\project\testctp01\multitrader\debug\qryexchangeratedlg.obj
c:\users\quant\desktop\ctp_mfc\project\testctp01\multitrader\debug\qryinstrumentmarginratedlg.obj
c:\users\quant\desktop\ctp_mfc\project\testctp01\multitrader\debug\qrymaincontractdlg.obj
c:\users\quant\desktop\ctp_mfc\project\testctp01\multitrader\debug\qryordercommrate.obj
c:\users\quant\desktop\ctp_mfc\project\testctp01\multitrader\debug\drawbuysellpanel.obj
c:\users\quant\desktop\ctp_mfc\project\testctp01\multitrader\debug\drawklineimagepanel.obj
c:\users\quant\desktop\ctp_mfc\project\testctp01\multitrader\debug\realtimepricedlg.obj
c:\users\quant\desktop\ctp_mfc\project\testctp01\multitrader\debug\showinstrumentsview.obj
c:\users\quant\desktop\ctp_mfc\project\testctp01\multitrader\debug\viewtree.obj
c:\users\quant\desktop\ctp_mfc\project\testctp01\multitrader\debug\httphelper.obj
c:\users\quant\desktop\ctp_mfc\project\testctp01\multitrader\debug\exchangehyperlinkdlg.obj
c:\users\quant\desktop\ctp_mfc\project\testctp01\multitrader\debug\localmessageeventhandle.obj
c:\users\quant\desktop\ctp_mfc\project\testctp01\multitrader\debug\logindlg.obj
c:\users\quant\desktop\ctp_mfc\project\testctp01\multitrader\debug\mainfrm.obj
c:\users\quant\desktop\ctp_mfc\project\testctp01\multitrader\debug\cancelorderdlg.obj
c:\users\quant\desktop\ctp_mfc\project\testctp01\multitrader\debug\closepositiondlg.obj
c:\users\quant\desktop\ctp_mfc\project\testctp01\multitrader\debug\makeorderboardpane.obj
c:\users\quant\desktop\ctp_mfc\project\testctp01\multitrader\debug\removeparkedorderactiondlg.obj
c:\users\quant\desktop\ctp_mfc\project\testctp01\multitrader\debug\removeparkedorderdlg.obj
c:\users\quant\desktop\ctp_mfc\project\testctp01\multitrader\debug\standardmakeorderboard.obj
c:\users\quant\desktop\ctp_mfc\project\testctp01\multitrader\debug\czceview.obj
c:\users\quant\desktop\ctp_mfc\project\testctp01\multitrader\debug\dceview.obj
c:\users\quant\desktop\ctp_mfc\project\testctp01\multitrader\debug\marketdatagridctrl.obj
c:\users\quant\desktop\ctp_mfc\project\testctp01\multitrader\debug\shfe_ineview.obj
c:\users\quant\desktop\ctp_mfc\project\testctp01\multitrader\debug\multitrader.obj
c:\users\quant\desktop\ctp_mfc\project\testctp01\multitrader\debug\multitraderdoc.obj
c:\users\quant\desktop\ctp_mfc\project\testctp01\multitrader\debug\multitraderview.obj
c:\users\quant\desktop\ctp_mfc\project\testctp01\multitrader\debug\outputwnd.obj
c:\users\quant\desktop\ctp_mfc\project\testctp01\multitrader\debug\customgridctrl.obj
c:\users\quant\desktop\ctp_mfc\project\testctp01\multitrader\debug\accountstatusbar.obj
c:\users\quant\desktop\ctp_mfc\project\testctp01\multitrader\debug\childfrm.obj
c:\users\quant\desktop\ctp_mfc\project\testctp01\multitrader\debug\classview.obj
c:\users\quant\desktop\ctp_mfc\project\testctp01\multitrader\debug\fileview.obj
c:\users\quant\desktop\ctp_mfc\project\testctp01\multitrader\debug\globalmgr.obj
c:\users\quant\desktop\ctp_mfc\project\testctp01\multitrader\debug\gridcell.obj
c:\users\quant\desktop\ctp_mfc\project\testctp01\multitrader\debug\gridcellbase.obj
c:\users\quant\desktop\ctp_mfc\project\testctp01\multitrader\debug\gridctrl.obj
c:\users\quant\desktop\ctp_mfc\project\testctp01\multitrader\debug\griddroptarget.obj
c:\users\quant\desktop\ctp_mfc\project\testctp01\multitrader\debug\inplaceedit.obj
c:\users\quant\desktop\ctp_mfc\project\testctp01\multitrader\debug\titletip.obj
c:\users\quant\desktop\ctp_mfc\project\testctp01\multitrader\debug\httpdataentry.obj
c:\users\quant\desktop\ctp_mfc\project\testctp01\multitrader\debug\httpdatasource.obj
c:\users\quant\desktop\ctp_mfc\project\testctp01\multitrader\debug\multitrader.res
c:\users\quant\desktop\ctp_mfc\project\testctp01\multitrader\debug\multitrader.tlog\cl.command.1.tlog
c:\users\quant\desktop\ctp_mfc\project\testctp01\multitrader\debug\multitrader.tlog\cl.read.1.tlog
c:\users\quant\desktop\ctp_mfc\project\testctp01\multitrader\debug\multitrader.tlog\cl.write.1.tlog
c:\users\quant\desktop\ctp_mfc\project\testctp01\multitrader\debug\multitrader.tlog\link.command.1.tlog
c:\users\quant\desktop\ctp_mfc\project\testctp01\multitrader\debug\multitrader.tlog\link.read.1.tlog
c:\users\quant\desktop\ctp_mfc\project\testctp01\multitrader\debug\multitrader.tlog\link.write.1.tlog
c:\users\quant\desktop\ctp_mfc\project\testctp01\multitrader\debug\multitrader.tlog\rc.command.1.tlog
c:\users\quant\desktop\ctp_mfc\project\testctp01\multitrader\debug\multitrader.tlog\rc.read.1.tlog
c:\users\quant\desktop\ctp_mfc\project\testctp01\multitrader\debug\multitrader.tlog\rc.write.1.tlog
