c:\users\quant\desktop\ctp_mfc\project\piquant\ui\debug\ui.pch
c:\users\quant\desktop\ctp_mfc\project\piquant\ui\debug\vc120.pdb
c:\users\quant\desktop\ctp_mfc\project\piquant\ui\debug\vc120.idb
c:\users\quant\desktop\ctp_mfc\project\piquant\ui\debug\stdafx.obj
c:\users\quant\desktop\ctp_mfc\project\piquant\ui\debug\drawklineimagepanel.obj
c:\users\quant\desktop\ctp_mfc\project\piquant\ui\debug\realtimepricedlg.obj
c:\users\quant\desktop\ctp_mfc\project\piquant\ui\debug\showinstrumentsview.obj
c:\users\quant\desktop\ctp_mfc\project\piquant\ui\debug\sinadataquote.obj
c:\users\quant\desktop\ctp_mfc\project\piquant\ui\debug\strategymsgview.obj
c:\users\quant\desktop\ctp_mfc\project\piquant\ui\debug\strategystatusview.obj
c:\users\quant\desktop\ctp_mfc\project\piquant\ui\debug\strategytree.obj
c:\users\quant\desktop\ctp_mfc\project\piquant\ui\debug\strategyview.obj
c:\users\quant\desktop\ctp_mfc\project\piquant\ui\debug\viewtree.obj
c:\users\quant\desktop\ctp_mfc\project\piquant\ui\debug\customgridctrl.obj
c:\users\quant\desktop\ctp_mfc\project\piquant\ui\debug\gridctrlclosetradelist.obj
c:\users\quant\desktop\ctp_mfc\project\piquant\ui\debug\gridctrlconditionorderlist.obj
c:\users\quant\desktop\ctp_mfc\project\piquant\ui\debug\gridctrlorderlist.obj
c:\users\quant\desktop\ctp_mfc\project\piquant\ui\debug\gridctrlparkedorderactionlist.obj
c:\users\quant\desktop\ctp_mfc\project\piquant\ui\debug\gridctrlparkedorderlist.obj
c:\users\quant\desktop\ctp_mfc\project\piquant\ui\debug\gridctrlpositiondetaillist.obj
c:\users\quant\desktop\ctp_mfc\project\piquant\ui\debug\gridctrlpositionlist.obj
c:\users\quant\desktop\ctp_mfc\project\piquant\ui\debug\gridctrltradelist.obj
c:\users\quant\desktop\ctp_mfc\project\piquant\ui\debug\gridctrlunfilledorderlist.obj
c:\users\quant\desktop\ctp_mfc\project\piquant\ui\debug\tradesituationwnd.obj
c:\users\quant\desktop\ctp_mfc\project\piquant\ui\debug\localmessageeventhandle.obj
c:\users\quant\desktop\ctp_mfc\project\piquant\ui\debug\logindlg.obj
c:\users\quant\desktop\ctp_mfc\project\piquant\ui\debug\mainfrm.obj
c:\users\quant\desktop\ctp_mfc\project\piquant\ui\debug\cancelorderdlg.obj
c:\users\quant\desktop\ctp_mfc\project\piquant\ui\debug\closepositiondlg.obj
c:\users\quant\desktop\ctp_mfc\project\piquant\ui\debug\makeorderboardpane.obj
c:\users\quant\desktop\ctp_mfc\project\piquant\ui\debug\removeparkedorderactiondlg.obj
c:\users\quant\desktop\ctp_mfc\project\piquant\ui\debug\removeparkedorderdlg.obj
c:\users\quant\desktop\ctp_mfc\project\piquant\ui\debug\standardmakeorderboard.obj
c:\users\quant\desktop\ctp_mfc\project\piquant\ui\debug\cffexview.obj
c:\users\quant\desktop\ctp_mfc\project\piquant\ui\debug\czceview.obj
c:\users\quant\desktop\ctp_mfc\project\piquant\ui\debug\dceview.obj
c:\users\quant\desktop\ctp_mfc\project\piquant\ui\debug\marketdatagridctrl.obj
c:\users\quant\desktop\ctp_mfc\project\piquant\ui\debug\shfe_ineview.obj
c:\users\quant\desktop\ctp_mfc\project\piquant\ui\debug\qrycommissionrate.obj
c:\users\quant\desktop\ctp_mfc\project\piquant\ui\debug\qryexchangeratedlg.obj
c:\users\quant\desktop\ctp_mfc\project\piquant\ui\debug\qryinstrumentmarginratedlg.obj
c:\users\quant\desktop\ctp_mfc\project\piquant\ui\debug\qrymaincontractdlg.obj
c:\users\quant\desktop\ctp_mfc\project\piquant\ui\debug\qryordercommrate.obj
c:\users\quant\desktop\ctp_mfc\project\piquant\ui\debug\drawbuysellpanel.obj
c:\users\quant\desktop\ctp_mfc\project\piquant\ui\debug\accountstatusbar.obj
c:\users\quant\desktop\ctp_mfc\project\piquant\ui\debug\app.obj
c:\users\quant\desktop\ctp_mfc\project\piquant\ui\debug\childfrm.obj
c:\users\quant\desktop\ctp_mfc\project\piquant\ui\debug\doc.obj
c:\users\quant\desktop\ctp_mfc\project\piquant\ui\debug\globalmgr.obj
c:\users\quant\desktop\ctp_mfc\project\piquant\ui\debug\gridcell.obj
c:\users\quant\desktop\ctp_mfc\project\piquant\ui\debug\gridcellbase.obj
c:\users\quant\desktop\ctp_mfc\project\piquant\ui\debug\gridctrl.obj
c:\users\quant\desktop\ctp_mfc\project\piquant\ui\debug\griddroptarget.obj
c:\users\quant\desktop\ctp_mfc\project\piquant\ui\debug\inplaceedit.obj
c:\users\quant\desktop\ctp_mfc\project\piquant\ui\debug\titletip.obj
c:\users\quant\desktop\ctp_mfc\project\piquant\ui\debug\httpdataentry.obj
c:\users\quant\desktop\ctp_mfc\project\piquant\ui\debug\httpdatasource.obj
c:\users\quant\desktop\ctp_mfc\project\piquant\ui\debug\httphelper.obj
c:\users\quant\desktop\ctp_mfc\project\piquant\ui\debug\exchangehyperlinkdlg.obj
c:\users\quant\desktop\ctp_mfc\project\piquant\debug\ui.ilk
c:\users\quant\desktop\ctp_mfc\project\piquant\debug\ui.exe
c:\users\quant\desktop\ctp_mfc\project\piquant\debug\ui.pdb
c:\users\quant\desktop\ctp_mfc\project\piquant\ui\debug\ui.res
c:\users\quant\desktop\ctp_mfc\project\piquant\ui\debug\ui.tlog\cl.command.1.tlog
c:\users\quant\desktop\ctp_mfc\project\piquant\ui\debug\ui.tlog\cl.read.1.tlog
c:\users\quant\desktop\ctp_mfc\project\piquant\ui\debug\ui.tlog\cl.write.1.tlog
c:\users\quant\desktop\ctp_mfc\project\piquant\ui\debug\ui.tlog\link.command.1.tlog
c:\users\quant\desktop\ctp_mfc\project\piquant\ui\debug\ui.tlog\link.read.1.tlog
c:\users\quant\desktop\ctp_mfc\project\piquant\ui\debug\ui.tlog\link.write.1.tlog
c:\users\quant\desktop\ctp_mfc\project\piquant\ui\debug\ui.tlog\rc.command.1.tlog
c:\users\quant\desktop\ctp_mfc\project\piquant\ui\debug\ui.tlog\rc.read.1.tlog
c:\users\quant\desktop\ctp_mfc\project\piquant\ui\debug\ui.tlog\rc.write.1.tlog
