c:\users\quant\desktop\ctp_mfc\project\piquant\servicelayer\debug\servicelayer.pch
c:\users\quant\desktop\ctp_mfc\project\piquant\servicelayer\debug\vc120.pdb
c:\users\quant\desktop\ctp_mfc\project\piquant\servicelayer\debug\vc120.idb
c:\users\quant\desktop\ctp_mfc\project\piquant\servicelayer\debug\stdafx.obj
c:\users\quant\desktop\ctp_mfc\project\piquant\servicelayer\debug\ctpservice.obj
c:\users\quant\desktop\ctp_mfc\project\piquant\servicelayer\debug\ctpmsgdistributor.obj
c:\users\quant\desktop\ctp_mfc\project\piquant\servicelayer\debug\datatypes.obj
c:\users\quant\desktop\ctp_mfc\project\piquant\servicelayer\debug\idatastore.obj
c:\users\quant\desktop\ctp_mfc\project\piquant\servicelayer\debug\iservice.obj
c:\users\quant\desktop\ctp_mfc\project\piquant\servicelayer\debug\mdspi.obj
c:\users\quant\desktop\ctp_mfc\project\piquant\servicelayer\debug\serverinfo.obj
c:\users\quant\desktop\ctp_mfc\project\piquant\servicelayer\debug\servicelayer.obj
c:\users\quant\desktop\ctp_mfc\project\piquant\servicelayer\debug\tradespi.obj
c:\users\quant\desktop\ctp_mfc\project\piquant\servicelayer\debug\dllmain.obj
c:\users\quant\desktop\ctp_mfc\project\piquant\debug\servicelayer.ilk
c:\users\quant\desktop\ctp_mfc\project\piquant\debug\servicelayer.dll
c:\users\quant\desktop\ctp_mfc\project\piquant\debug\servicelayer.pdb
c:\users\quant\desktop\ctp_mfc\project\piquant\debug\servicelayer.lib
c:\users\quant\desktop\ctp_mfc\project\piquant\debug\servicelayer.exp
c:\users\quant\desktop\ctp_mfc\project\piquant\servicelayer\debug\servicelayer.tlog\cl.command.1.tlog
c:\users\quant\desktop\ctp_mfc\project\piquant\servicelayer\debug\servicelayer.tlog\cl.read.1.tlog
c:\users\quant\desktop\ctp_mfc\project\piquant\servicelayer\debug\servicelayer.tlog\cl.write.1.tlog
c:\users\quant\desktop\ctp_mfc\project\piquant\servicelayer\debug\servicelayer.tlog\link.command.1.tlog
c:\users\quant\desktop\ctp_mfc\project\piquant\servicelayer\debug\servicelayer.tlog\link.read.1.tlog
c:\users\quant\desktop\ctp_mfc\project\piquant\servicelayer\debug\servicelayer.tlog\link.write.1.tlog
c:\users\quant\desktop\ctp_mfc\project\piquant\servicelayer\debug\servicelayer.tlog\servicelayer.write.1u.tlog
