Build started 2019/4/6 17:30:52.
     1>Project "C:\Users\Quant\Desktop\CTP_MFC\Project\Piquant\ServiceLayer\ServiceLayer.vcxproj" on node 2 (Rebuild target(s)).
     1>ClCompile:
         C:\Program Files (x86)\Microsoft Visual Studio 12.0\VC\bin\CL.exe /c /I../../sdk/ /ZI /nologo /W3 /WX- /sdl /Od /Oy- /D WIN32 /D _DEBUG /D _WINDOWS /D _USRDLL /D SERVICELAYER_EXPORTS /D _CRT_SECURE_NO_WARNINGS /D _WINDLL /D _UNICODE /D UNICODE /Gm /EHsc /RTC1 /MDd /GS /fp:precise /Zc:wchar_t /Zc:forScope /Yc"stdafx.h" /Fp"Debug\ServiceLayer.pch" /Fo"Debug\\" /Fd"Debug\vc120.pdb" /Gd /TP /analyze- /errorReport:prompt stdafx.cpp
         stdafx.cpp
         C:\Program Files (x86)\Microsoft Visual Studio 12.0\VC\bin\CL.exe /c /I../../sdk/ /ZI /nologo /W3 /WX- /sdl /Od /Oy- /D WIN32 /D _DEBUG /D _WINDOWS /D _USRDLL /D SERVICELAYER_EXPORTS /D _CRT_SECURE_NO_WARNINGS /D _WINDLL /D _UNICODE /D UNICODE /Gm /EHsc /RTC1 /MDd /GS /fp:precise /Zc:wchar_t /Zc:forScope /Yu"stdafx.h" /Fp"Debug\ServiceLayer.pch" /Fo"Debug\\" /Fd"Debug\vc120.pdb" /Gd /TP /analyze- /errorReport:prompt CtpService.cpp CtpMsgDistributor.cpp DataTypes.cpp IDataStore.cpp IService.cpp MdSpi.cpp ServerInfo.cpp ServiceLayer.cpp TradeSpi.cpp
         TradeSpi.cpp
     1>c:\users\quant\desktop\ctp_mfc\project\piquant\servicelayer\ctpmsgdistributor.h(29): warning C4251: 'CtpMsgDistributor::receivers' : class 'std::vector<CtpMsgReceiver *,std::allocator<_Ty>>' needs to have dll-interface to be used by clients of class 'CtpMsgDistributor'
                 with
                 [
                     _Ty=CtpMsgReceiver *
                 ]
     1>c:\users\quant\desktop\ctp_mfc\project\piquant\servicelayer\ctpservice.h(121): warning C4251: 'CtpService::user_name' : class 'std::basic_string<char,std::char_traits<char>,std::allocator<char>>' needs to have dll-interface to be used by clients of class 'CtpService'
         ServiceLayer.cpp
         ServerInfo.cpp
         MdSpi.cpp
     1>c:\users\quant\desktop\ctp_mfc\project\piquant\servicelayer\ctpservice.h(121): warning C4251: 'CtpService::user_name' : class 'std::basic_string<char,std::char_traits<char>,std::allocator<char>>' needs to have dll-interface to be used by clients of class 'CtpService'
     1>c:\users\quant\desktop\ctp_mfc\project\piquant\servicelayer\ctpmsgdistributor.h(29): warning C4251: 'CtpMsgDistributor::receivers' : class 'std::vector<CtpMsgReceiver *,std::allocator<_Ty>>' needs to have dll-interface to be used by clients of class 'CtpMsgDistributor'
                 with
                 [
                     _Ty=CtpMsgReceiver *
                 ]
     1>c:\users\quant\desktop\ctp_mfc\project\piquant\servicelayer\mdspi.cpp(182): warning C4018: '<' : signed/unsigned mismatch
     1>c:\users\quant\desktop\ctp_mfc\project\piquant\servicelayer\mdspi.cpp(194): warning C4018: '<' : signed/unsigned mismatch
     1>c:\users\quant\desktop\ctp_mfc\project\piquant\servicelayer\mdspi.cpp(209): warning C4018: '<' : signed/unsigned mismatch
     1>c:\users\quant\desktop\ctp_mfc\project\piquant\servicelayer\mdspi.cpp(221): warning C4018: '<' : signed/unsigned mismatch
         IService.cpp
         IDataStore.cpp
     1>c:\users\quant\desktop\ctp_mfc\project\piquant\servicelayer\ctpservice.h(121): warning C4251: 'CtpService::user_name' : class 'std::basic_string<char,std::char_traits<char>,std::allocator<char>>' needs to have dll-interface to be used by clients of class 'CtpService'
     1>c:\users\quant\desktop\ctp_mfc\project\piquant\servicelayer\ctpmsgdistributor.h(29): warning C4251: 'CtpMsgDistributor::receivers' : class 'std::vector<CtpMsgReceiver *,std::allocator<_Ty>>' needs to have dll-interface to be used by clients of class 'CtpMsgDistributor'
                 with
                 [
                     _Ty=CtpMsgReceiver *
                 ]
     1>c:\users\quant\desktop\ctp_mfc\project\piquant\servicelayer\idatastore.h(39): warning C4251: 'IDataStore::pImpl' : class 'std::shared_ptr<IDataStore::DatabaseImpl>' needs to have dll-interface to be used by clients of class 'IDataStore'
         DataTypes.cpp
         CtpMsgDistributor.cpp
     1>c:\users\quant\desktop\ctp_mfc\project\piquant\servicelayer\ctpmsgdistributor.h(29): warning C4251: 'CtpMsgDistributor::receivers' : class 'std::vector<CtpMsgReceiver *,std::allocator<_Ty>>' needs to have dll-interface to be used by clients of class 'CtpMsgDistributor'
                 with
                 [
                     _Ty=CtpMsgReceiver *
                 ]
     1>c:\users\quant\desktop\ctp_mfc\project\piquant\servicelayer\ctpmsgdistributor.cpp(38): warning C4018: '<' : signed/unsigned mismatch
         CtpService.cpp
     1>c:\users\quant\desktop\ctp_mfc\project\piquant\servicelayer\ctpservice.h(121): warning C4251: 'CtpService::user_name' : class 'std::basic_string<char,std::char_traits<char>,std::allocator<char>>' needs to have dll-interface to be used by clients of class 'CtpService'
     1>c:\users\quant\desktop\ctp_mfc\project\piquant\servicelayer\ctpservice.cpp(77): warning C4018: '<' : signed/unsigned mismatch
     1>c:\users\quant\desktop\ctp_mfc\project\piquant\servicelayer\ctpservice.cpp(395): warning C4018: '<' : signed/unsigned mismatch
         Generating Code...
     1>c:\users\quant\desktop\ctp_mfc\project\piquant\servicelayer\datatypes.cpp(20): warning C4715: 'GetInstrumentVolumeMultiple' : not all control paths return a value
     1>c:\users\quant\desktop\ctp_mfc\project\piquant\servicelayer\datatypes.cpp(260): warning C4715: 'GetTextById' : not all control paths return a value
     1>c:\users\quant\desktop\ctp_mfc\project\piquant\servicelayer\datatypes.cpp(513): warning C4715: 'GetTextById' : not all control paths return a value
     1>c:\users\quant\desktop\ctp_mfc\project\piquant\servicelayer\datatypes.cpp(808): warning C4715: 'GetTextById' : not all control paths return a value
     1>c:\users\quant\desktop\ctp_mfc\project\piquant\servicelayer\idatastore.cpp(231): warning C4715: 'IDataStore::DatabaseImpl::StoreExchange' : not all control paths return a value
     1>c:\users\quant\desktop\ctp_mfc\project\piquant\servicelayer\idatastore.cpp(280): warning C4715: 'IDataStore::DatabaseImpl::StoreUserInfo' : not all control paths return a value
         C:\Program Files (x86)\Microsoft Visual Studio 12.0\VC\bin\CL.exe /c /I../../sdk/ /ZI /nologo /W3 /WX- /sdl /Od /Oy- /D WIN32 /D _DEBUG /D _WINDOWS /D _USRDLL /D SERVICELAYER_EXPORTS /D _CRT_SECURE_NO_WARNINGS /D _WINDLL /D _UNICODE /D UNICODE /Gm /EHsc /RTC1 /MDd /GS /fp:precise /Zc:wchar_t /Zc:forScope /Fo"Debug\\" /Fd"Debug\vc120.pdb" /Gd /TP /analyze- /errorReport:prompt dllmain.cpp
         dllmain.cpp
       Link:
         C:\Program Files (x86)\Microsoft Visual Studio 12.0\VC\bin\link.exe /ERRORREPORT:PROMPT /OUT:"C:\Users\Quant\Desktop\CTP_MFC\Project\Piquant\Debug\ServiceLayer.dll" /INCREMENTAL /NOLOGO /LIBPATH:../../sdk/ ../../sdk/thostmduserapi.lib ../../sdk/thosttraderapi.lib kernel32.lib user32.lib gdi32.lib winspool.lib comdlg32.lib advapi32.lib shell32.lib ole32.lib oleaut32.lib uuid.lib odbc32.lib odbccp32.lib /MANIFEST /MANIFESTUAC:"level='asInvoker' uiAccess='false'" /manifest:embed /DEBUG /PDB:"C:\Users\Quant\Desktop\CTP_MFC\Project\Piquant\Debug\ServiceLayer.pdb" /SUBSYSTEM:WINDOWS /TLBID:1 /DYNAMICBASE /NXCOMPAT /IMPLIB:"C:\Users\Quant\Desktop\CTP_MFC\Project\Piquant\Debug\ServiceLayer.lib" /MACHINE:X86 /DLL Debug\CtpService.obj
         Debug\CtpMsgDistributor.obj
         Debug\DataTypes.obj
         Debug\dllmain.obj
         Debug\IDataStore.obj
         Debug\IService.obj
         Debug\MdSpi.obj
         Debug\ServerInfo.obj
         Debug\ServiceLayer.obj
         Debug\stdafx.obj
         Debug\TradeSpi.obj
            Creating library C:\Users\Quant\Desktop\CTP_MFC\Project\Piquant\Debug\ServiceLayer.lib and object C:\Users\Quant\Desktop\CTP_MFC\Project\Piquant\Debug\ServiceLayer.exp
         ServiceLayer.vcxproj -> C:\Users\Quant\Desktop\CTP_MFC\Project\Piquant\Debug\ServiceLayer.dll
     1>Done Building Project "C:\Users\Quant\Desktop\CTP_MFC\Project\Piquant\ServiceLayer\ServiceLayer.vcxproj" (Rebuild target(s)).

Build succeeded.

Time Elapsed 00:00:06.67
